# JRE version: OpenJDK Runtime Environment Temurin-17.0.10+7 (17.0.10+7) (build 17.0.10+7)
# Java VM: OpenJDK 64-Bit Server VM Temurin-17.0.10+7 (17.0.10+7, mixed mode, tiered, compressed oops, compressed class ptrs, parallel gc, windows-amd64)
GC Precious Log:
 CPUs: 6 total, 6 available
 Memory: 16322M
 Large Page Support: Disabled
 NUMA Support: Disabled
 Compressed Oops: Enabled (32-bit)
 Alignments: Space 512K, Generation 512K, Heap 2M
 Heap Min Capacity: 100M
 Heap Initial Capacity: 100M
 Heap Max Capacity: 1G
 Pre-touch: Disabled
 Parallel Workers: 6
Heap:
 PSYoungGen      total 3072K, used 3040K [0x00000000eab00000, 0x00000000eaf80000, 0x0000000100000000)
  eden space 2560K, 100% used [0x00000000eab00000,0x00000000ead80000,0x00000000ead80000)
  from space 512K, 93% used [0x00000000eae80000,0x00000000eaef8020,0x00000000eaf00000)
  to   space 1024K, 0% used [0x00000000ead80000,0x00000000ead80000,0x00000000eae80000)
 ParOldGen       total 146944K, used 139030K [0x00000000c0000000, 0x00000000c8f80000, 0x00000000eab00000)
  object space 146944K, 94% used [0x00000000c0000000,0x00000000c87c5840,0x00000000c8f80000)
 Metaspace       used 94353K, committed 95488K, reserved 1179648K
  class space    used 9533K, committed 10048K, reserved 1048576K
GC Heap History (20 events):
Event: 2278.958 GC heap before
{Heap before GC invocations=3742 (full 65):
 PSYoungGen      total 2560K, used 2536K [0x00000000eab00000, 0x00000000eb700000, 0x0000000100000000)
  eden space 512K, 99% used [0x00000000eab00000,0x00000000eab7fff8,0x00000000eab80000)
  from space 2048K, 98% used [0x00000000eb000000,0x00000000eb1fa358,0x00000000eb200000)
  to   space 4608K, 0% used [0x00000000eab80000,0x00000000eab80000,0x00000000eb000000)
 ParOldGen       total 146944K, used 137566K [0x00000000c0000000, 0x00000000c8f80000, 0x00000000eab00000)
  object space 146944K, 93% used [0x00000000c0000000,0x00000000c8657a00,0x00000000c8f80000)
 Metaspace       used 94336K, committed 95488K, reserved 1179648K
  class space    used 9533K, committed 10048K, reserved 1048576K
}
Event: 2278.960 GC heap after
{Heap after GC invocations=3742 (full 65):
 PSYoungGen      total 1536K, used 704K [0x00000000eab00000, 0x00000000eb080000, 0x0000000100000000)
  eden space 512K, 0% used [0x00000000eab00000,0x00000000eab00000,0x00000000eab80000)
  from space 1024K, 68% used [0x00000000eab80000,0x00000000eac30000,0x00000000eac80000)
  to   space 2048K, 0% used [0x00000000eae80000,0x00000000eae80000,0x00000000eb080000)
 ParOldGen       total 146944K, used 137598K [0x00000000c0000000, 0x00000000c8f80000, 0x00000000eab00000)
  object space 146944K, 93% used [0x00000000c0000000,0x00000000c865fa00,0x00000000c8f80000)
 Metaspace       used 94336K, committed 95488K, reserved 1179648K
  class space    used 9533K, committed 10048K, reserved 1048576K
}
Event: 2278.961 GC heap before
{Heap before GC invocations=3743 (full 65):
 PSYoungGen      total 1536K, used 1215K [0x00000000eab00000, 0x00000000eb080000, 0x0000000100000000)
  eden space 512K, 99% used [0x00000000eab00000,0x00000000eab7fff8,0x00000000eab80000)
  from space 1024K, 68% used [0x00000000eab80000,0x00000000eac30000,0x00000000eac80000)
  to   space 2048K, 0% used [0x00000000eae80000,0x00000000eae80000,0x00000000eb080000)
 ParOldGen       total 146944K, used 137598K [0x00000000c0000000, 0x00000000c8f80000, 0x00000000eab00000)
  object space 146944K, 93% used [0x00000000c0000000,0x00000000c865fa00,0x00000000c8f80000)
 Metaspace       used 94336K, committed 95488K, reserved 1179648K
  class space    used 9533K, committed 10048K, reserved 1048576K
}
Event: 2278.962 GC heap after
{Heap after GC invocations=3743 (full 65):
 PSYoungGen      total 1536K, used 224K [0x00000000eab00000, 0x00000000eaf00000, 0x0000000100000000)
  eden space 1024K, 0% used [0x00000000eab00000,0x00000000eab00000,0x00000000eac00000)
  from space 512K, 43% used [0x00000000eae80000,0x00000000eaeb8000,0x00000000eaf00000)
  to   space 1024K, 0% used [0x00000000ead00000,0x00000000ead00000,0x00000000eae00000)
 ParOldGen       total 146944K, used 138139K [0x00000000c0000000, 0x00000000c8f80000, 0x00000000eab00000)
  object space 146944K, 94% used [0x00000000c0000000,0x00000000c86e6e80,0x00000000c8f80000)
 Metaspace       used 94336K, committed 95488K, reserved 1179648K
  class space    used 9533K, committed 10048K, reserved 1048576K
}
Event: 2278.964 GC heap before
{Heap before GC invocations=3744 (full 65):
 PSYoungGen      total 1536K, used 1248K [0x00000000eab00000, 0x00000000eaf00000, 0x0000000100000000)
  eden space 1024K, 100% used [0x00000000eab00000,0x00000000eac00000,0x00000000eac00000)
  from space 512K, 43% used [0x00000000eae80000,0x00000000eaeb8000,0x00000000eaf00000)
  to   space 1024K, 0% used [0x00000000ead00000,0x00000000ead00000,0x00000000eae00000)
 ParOldGen       total 146944K, used 138139K [0x00000000c0000000, 0x00000000c8f80000, 0x00000000eab00000)
  object space 146944K, 94% used [0x00000000c0000000,0x00000000c86e6e80,0x00000000c8f80000)
 Metaspace       used 94336K, committed 95488K, reserved 1179648K
  class space    used 9533K, committed 10048K, reserved 1048576K
}
Event: 2278.965 GC heap after
{Heap after GC invocations=3744 (full 65):
 PSYoungGen      total 2560K, used 416K [0x00000000eab00000, 0x00000000eaf00000, 0x0000000100000000)
  eden space 1536K, 0% used [0x00000000eab00000,0x00000000eab00000,0x00000000eac80000)
  from space 1024K, 40% used [0x00000000ead00000,0x00000000ead68000,0x00000000eae00000)
  to   space 512K, 0% used [0x00000000eae80000,0x00000000eae80000,0x00000000eaf00000)
 ParOldGen       total 146944K, used 138224K [0x00000000c0000000, 0x00000000c8f80000, 0x00000000eab00000)
  object space 146944K, 94% used [0x00000000c0000000,0x00000000c86fc380,0x00000000c8f80000)
 Metaspace       used 94336K, committed 95488K, reserved 1179648K
  class space    used 9533K, committed 10048K, reserved 1048576K
}
Event: 2279.384 GC heap before
{Heap before GC invocations=3745 (full 65):
 PSYoungGen      total 2560K, used 1952K [0x00000000eab00000, 0x00000000eaf00000, 0x0000000100000000)
  eden space 1536K, 100% used [0x00000000eab00000,0x00000000eac80000,0x00000000eac80000)
  from space 1024K, 40% used [0x00000000ead00000,0x00000000ead68000,0x00000000eae00000)
  to   space 512K, 0% used [0x00000000eae80000,0x00000000eae80000,0x00000000eaf00000)
 ParOldGen       total 146944K, used 138224K [0x00000000c0000000, 0x00000000c8f80000, 0x00000000eab00000)
  object space 146944K, 94% used [0x00000000c0000000,0x00000000c86fc380,0x00000000c8f80000)
 Metaspace       used 94336K, committed 95488K, reserved 1179648K
  class space    used 9533K, committed 10048K, reserved 1048576K
}
Event: 2279.385 GC heap after
{Heap after GC invocations=3745 (full 65):
 PSYoungGen      total 2560K, used 160K [0x00000000eab00000, 0x00000000eaf00000, 0x0000000100000000)
  eden space 2048K, 0% used [0x00000000eab00000,0x00000000eab00000,0x00000000ead00000)
  from space 512K, 31% used [0x00000000eae80000,0x00000000eaea8000,0x00000000eaf00000)
  to   space 512K, 0% used [0x00000000eae00000,0x00000000eae00000,0x00000000eae80000)
 ParOldGen       total 146944K, used 138328K [0x00000000c0000000, 0x00000000c8f80000, 0x00000000eab00000)
  object space 146944K, 94% used [0x00000000c0000000,0x00000000c8716380,0x00000000c8f80000)
 Metaspace       used 94336K, committed 95488K, reserved 1179648K
  class space    used 9533K, committed 10048K, reserved 1048576K
}
Event: 2279.553 GC heap before
{Heap before GC invocations=3746 (full 65):
 PSYoungGen      total 2560K, used 2208K [0x00000000eab00000, 0x00000000eaf00000, 0x0000000100000000)
  eden space 2048K, 100% used [0x00000000eab00000,0x00000000ead00000,0x00000000ead00000)
  from space 512K, 31% used [0x00000000eae80000,0x00000000eaea8000,0x00000000eaf00000)
  to   space 512K, 0% used [0x00000000eae00000,0x00000000eae00000,0x00000000eae80000)
 ParOldGen       total 146944K, used 138328K [0x00000000c0000000, 0x00000000c8f80000, 0x00000000eab00000)
  object space 146944K, 94% used [0x00000000c0000000,0x00000000c8716380,0x00000000c8f80000)
 Metaspace       used 94336K, committed 95488K, reserved 1179648K
  class space    used 9533K, committed 10048K, reserved 1048576K
}
Event: 2279.553 GC heap after
{Heap after GC invocations=3746 (full 65):
 PSYoungGen      total 3072K, used 480K [0x00000000eab00000, 0x00000000eaf80000, 0x0000000100000000)
  eden space 2560K, 0% used [0x00000000eab00000,0x00000000eab00000,0x00000000ead80000)
  from space 512K, 93% used [0x00000000eae00000,0x00000000eae78040,0x00000000eae80000)
  to   space 1024K, 0% used [0x00000000eae80000,0x00000000eae80000,0x00000000eaf80000)
 ParOldGen       total 146944K, used 138512K [0x00000000c0000000, 0x00000000c8f80000, 0x00000000eab00000)
  object space 146944K, 94% used [0x00000000c0000000,0x00000000c87443a0,0x00000000c8f80000)
 Metaspace       used 94336K, committed 95488K, reserved 1179648K
  class space    used 9533K, committed 10048K, reserved 1048576K
}
Event: 2279.646 GC heap before
{Heap before GC invocations=3747 (full 65):
 PSYoungGen      total 3072K, used 3040K [0x00000000eab00000, 0x00000000eaf80000, 0x0000000100000000)
  eden space 2560K, 100% used [0x00000000eab00000,0x00000000ead80000,0x00000000ead80000)
  from space 512K, 93% used [0x00000000eae00000,0x00000000eae78040,0x00000000eae80000)
  to   space 1024K, 0% used [0x00000000eae80000,0x00000000eae80000,0x00000000eaf80000)
 ParOldGen       total 146944K, used 138512K [0x00000000c0000000, 0x00000000c8f80000, 0x00000000eab00000)
  object space 146944K, 94% used [0x00000000c0000000,0x00000000c87443a0,0x00000000c8f80000)
 Metaspace       used 94337K, committed 95488K, reserved 1179648K
  class space    used 9533K, committed 10048K, reserved 1048576K
}
Event: 2279.649 GC heap after
{Heap after GC invocations=3747 (full 65):
 PSYoungGen      total 3072K, used 352K [0x00000000eab00000, 0x00000000eaf00000, 0x0000000100000000)
  eden space 2560K, 0% used [0x00000000eab00000,0x00000000eab00000,0x00000000ead80000)
  from space 512K, 68% used [0x00000000eae80000,0x00000000eaed8020,0x00000000eaf00000)
  to   space 512K, 0% used [0x00000000eae00000,0x00000000eae00000,0x00000000eae80000)
 ParOldGen       total 146944K, used 138862K [0x00000000c0000000, 0x00000000c8f80000, 0x00000000eab00000)
  object space 146944K, 94% used [0x00000000c0000000,0x00000000c879b840,0x00000000c8f80000)
 Metaspace       used 94337K, committed 95488K, reserved 1179648K
  class space    used 9533K, committed 10048K, reserved 1048576K
}
Event: 2279.771 GC heap before
{Heap before GC invocations=3748 (full 65):
 PSYoungGen      total 3072K, used 2911K [0x00000000eab00000, 0x00000000eaf00000, 0x0000000100000000)
  eden space 2560K, 99% used [0x00000000eab00000,0x00000000ead7fee8,0x00000000ead80000)
  from space 512K, 68% used [0x00000000eae80000,0x00000000eaed8020,0x00000000eaf00000)
  to   space 512K, 0% used [0x00000000eae00000,0x00000000eae00000,0x00000000eae80000)
 ParOldGen       total 146944K, used 138862K [0x00000000c0000000, 0x00000000c8f80000, 0x00000000eab00000)
  object space 146944K, 94% used [0x00000000c0000000,0x00000000c879b840,0x00000000c8f80000)
 Metaspace       used 94337K, committed 95488K, reserved 1179648K
  class space    used 9533K, committed 10048K, reserved 1048576K
}
Event: 2279.773 GC heap after
{Heap after GC invocations=3748 (full 65):
 PSYoungGen      total 3072K, used 192K [0x00000000eab00000, 0x00000000eaf00000, 0x0000000100000000)
  eden space 2560K, 0% used [0x00000000eab00000,0x00000000eab00000,0x00000000ead80000)
  from space 512K, 37% used [0x00000000eae00000,0x00000000eae30000,0x00000000eae80000)
  to   space 512K, 0% used [0x00000000eae80000,0x00000000eae80000,0x00000000eaf00000)
 ParOldGen       total 146944K, used 138894K [0x00000000c0000000, 0x00000000c8f80000, 0x00000000eab00000)
  object space 146944K, 94% used [0x00000000c0000000,0x00000000c87a3840,0x00000000c8f80000)
 Metaspace       used 94337K, committed 95488K, reserved 1179648K
  class space    used 9533K, committed 10048K, reserved 1048576K
}
Event: 2280.035 GC heap before
{Heap before GC invocations=3749 (full 65):
 PSYoungGen      total 3072K, used 2752K [0x00000000eab00000, 0x00000000eaf00000, 0x0000000100000000)
  eden space 2560K, 100% used [0x00000000eab00000,0x00000000ead80000,0x00000000ead80000)
  from space 512K, 37% used [0x00000000eae00000,0x00000000eae30000,0x00000000eae80000)
  to   space 512K, 0% used [0x00000000eae80000,0x00000000eae80000,0x00000000eaf00000)
 ParOldGen       total 146944K, used 138894K [0x00000000c0000000, 0x00000000c8f80000, 0x00000000eab00000)
  object space 146944K, 94% used [0x00000000c0000000,0x00000000c87a3840,0x00000000c8f80000)
 Metaspace       used 94337K, committed 95488K, reserved 1179648K
  class space    used 9533K, committed 10048K, reserved 1048576K
}
Event: 2280.036 GC heap after
{Heap after GC invocations=3749 (full 65):
 PSYoungGen      total 3072K, used 288K [0x00000000eab00000, 0x00000000eaf00000, 0x0000000100000000)
  eden space 2560K, 0% used [0x00000000eab00000,0x00000000eab00000,0x00000000ead80000)
  from space 512K, 56% used [0x00000000eae80000,0x00000000eaec8020,0x00000000eaf00000)
  to   space 512K, 0% used [0x00000000eae00000,0x00000000eae00000,0x00000000eae80000)
 ParOldGen       total 146944K, used 138894K [0x00000000c0000000, 0x00000000c8f80000, 0x00000000eab00000)
  object space 146944K, 94% used [0x00000000c0000000,0x00000000c87a3840,0x00000000c8f80000)
 Metaspace       used 94337K, committed 95488K, reserved 1179648K
  class space    used 9533K, committed 10048K, reserved 1048576K
}
Event: 2285.608 GC heap before
{Heap before GC invocations=3750 (full 65):
 PSYoungGen      total 3072K, used 2848K [0x00000000eab00000, 0x00000000eaf00000, 0x0000000100000000)
  eden space 2560K, 100% used [0x00000000eab00000,0x00000000ead80000,0x00000000ead80000)
  from space 512K, 56% used [0x00000000eae80000,0x00000000eaec8020,0x00000000eaf00000)
  to   space 512K, 0% used [0x00000000eae00000,0x00000000eae00000,0x00000000eae80000)
 ParOldGen       total 146944K, used 138894K [0x00000000c0000000, 0x00000000c8f80000, 0x00000000eab00000)
  object space 146944K, 94% used [0x00000000c0000000,0x00000000c87a3840,0x00000000c8f80000)
 Metaspace       used 94348K, committed 95488K, reserved 1179648K
  class space    used 9533K, committed 10048K, reserved 1048576K
}
Event: 2285.609 GC heap after
{Heap after GC invocations=3750 (full 65):
 PSYoungGen      total 3072K, used 160K [0x00000000eab00000, 0x00000000eaf00000, 0x0000000100000000)
  eden space 2560K, 0% used [0x00000000eab00000,0x00000000eab00000,0x00000000ead80000)
  from space 512K, 31% used [0x00000000eae00000,0x00000000eae28000,0x00000000eae80000)
  to   space 512K, 0% used [0x00000000eae80000,0x00000000eae80000,0x00000000eaf00000)
 ParOldGen       total 146944K, used 138926K [0x00000000c0000000, 0x00000000c8f80000, 0x00000000eab00000)
  object space 146944K, 94% used [0x00000000c0000000,0x00000000c87ab840,0x00000000c8f80000)
 Metaspace       used 94348K, committed 95488K, reserved 1179648K
  class space    used 9533K, committed 10048K, reserved 1048576K
}
Event: 2285.615 GC heap before
{Heap before GC invocations=3751 (full 65):
 PSYoungGen      total 3072K, used 2720K [0x00000000eab00000, 0x00000000eaf00000, 0x0000000100000000)
  eden space 2560K, 100% used [0x00000000eab00000,0x00000000ead80000,0x00000000ead80000)
  from space 512K, 31% used [0x00000000eae00000,0x00000000eae28000,0x00000000eae80000)
  to   space 512K, 0% used [0x00000000eae80000,0x00000000eae80000,0x00000000eaf00000)
 ParOldGen       total 146944K, used 138926K [0x00000000c0000000, 0x00000000c8f80000, 0x00000000eab00000)
  object space 146944K, 94% used [0x00000000c0000000,0x00000000c87ab840,0x00000000c8f80000)
 Metaspace       used 94351K, committed 95488K, reserved 1179648K
  class space    used 9533K, committed 10048K, reserved 1048576K
}
Event: 2285.616 GC heap after
{Heap after GC invocations=3751 (full 65):
 PSYoungGen      total 3072K, used 480K [0x00000000eab00000, 0x00000000eaf80000, 0x0000000100000000)
  eden space 2560K, 0% used [0x00000000eab00000,0x00000000eab00000,0x00000000ead80000)
  from space 512K, 93% used [0x00000000eae80000,0x00000000eaef8020,0x00000000eaf00000)
  to   space 1024K, 0% used [0x00000000ead80000,0x00000000ead80000,0x00000000eae80000)
 ParOldGen       total 146944K, used 139030K [0x00000000c0000000, 0x00000000c8f80000, 0x00000000eab00000)
  object space 146944K, 94% used [0x00000000c0000000,0x00000000c87c5840,0x00000000c8f80000)
 Metaspace       used 94351K, committed 95488K, reserved 1179648K
  class space    used 9533K, committed 10048K, reserved 1048576K
}

